\BOOKMARK [-1][-]{chapter*.1}{ I \040Definitions \040}{}% 1
\BOOKMARK [0][-]{section*.2}{ 1 \040The Field of Real Numberss \040}{chapter*.1}% 2
\BOOKMARK [1][-]{section*.2}{ \040Ordered Conmutative Field \040}{chapter*.1}% 3
\BOOKMARK [1][-]{section*.2}{ \040Arquimedian \040}{chapter*.1}% 4
\BOOKMARK [1][-]{section*.2}{ \040Convergent Succession \040}{chapter*.1}% 5
\BOOKMARK [1][-]{section*.2}{ \040Cauchy Succession \040}{chapter*.1}% 6
\BOOKMARK [1][-]{section*.2}{ \040Complete \040}{chapter*.1}% 7
\BOOKMARK [1][-]{section*.2}{ \040Field of Real Numbers \040}{chapter*.1}% 8
\BOOKMARK [0][-]{section*.2}{ 2 \040Metric Topology \040}{chapter*.1}% 9
\BOOKMARK [1][-]{section*.3}{ \040Metric Space \040}{section*.2}% 10
\BOOKMARK [1][-]{section*.3}{ \040Ball \040}{section*.2}% 11
\BOOKMARK [1][-]{section*.3}{ \040Inner point \040}{section*.2}% 12
\BOOKMARK [1][-]{section*.3}{ \040Adherent point \040}{section*.2}% 13
\BOOKMARK [1][-]{section*.3}{ \040Accumulation point \040}{section*.2}% 14
\BOOKMARK [1][-]{section*.3}{ \040Compact \040}{section*.2}% 15
\BOOKMARK [1][-]{section*.3}{ \040Connex \040}{section*.2}% 16
\BOOKMARK [0][-]{section*.3}{ 3 \040Metric Continuity \040}{chapter*.1}% 17
\BOOKMARK [1][-]{section*.4}{ \040Limit \040}{section*.3}% 18
\BOOKMARK [1][-]{section*.4}{ \040Continuity \040}{section*.3}% 19
\BOOKMARK [1][-]{section*.4}{ \040Uniform Continuity \040}{section*.3}% 20
\BOOKMARK [0][-]{section*.4}{ 4 \040Function Succesions \040}{chapter*.1}% 21
\BOOKMARK [1][-]{section*.5}{ \040Function Succesion \040}{section*.4}% 22
\BOOKMARK [1][-]{section*.5}{ \040Punctually convergent \040}{section*.4}% 23
\BOOKMARK [1][-]{section*.5}{ \040Uniformly convergent \040}{section*.4}% 24
\BOOKMARK [1][-]{section*.5}{ \040Uniformly Cauchy \040}{section*.4}% 25
\BOOKMARK [0][-]{section*.5}{ 5 \040Power Series \040}{chapter*.1}% 26
\BOOKMARK [1][-]{section*.6}{ \040Power Series \040}{section*.5}% 27
\BOOKMARK [1][-]{section*.6}{ \040Domain of Convergence \040}{section*.5}% 28
\BOOKMARK [1][-]{section*.6}{ \040Radius of Convergence \040}{section*.5}% 29
\BOOKMARK [1][-]{section*.6}{ \040Associated function \040}{section*.5}% 30
\BOOKMARK [1][-]{section*.6}{ \040Exponential Function \040}{section*.5}% 31
\BOOKMARK [0][-]{section*.6}{ 6 \040 Fourier Series \040 }{chapter*.1}% 32
\BOOKMARK [0][-]{section*.6}{ Annex 1. \040Set Theory \040}{chapter*.1}% 33
\BOOKMARK [1][-]{section*.7}{ \040Order \040}{section*.6}% 34
\BOOKMARK [1][-]{section*.7}{ \040Total Order \040}{section*.6}% 35
\BOOKMARK [1][-]{section*.7}{ \040Bounds \040}{section*.6}% 36
\BOOKMARK [1][-]{section*.7}{ \040Supremum and Infimum \040}{section*.6}% 37
\BOOKMARK [1][-]{section*.7}{ \040Bounded function \040}{section*.6}% 38
\BOOKMARK [1][-]{section*.7}{ \040Succession \040}{section*.6}% 39
\BOOKMARK [0][-]{section*.7}{ Annex 2. \040Algebraic Structures \040}{chapter*.1}% 40
\BOOKMARK [1][-]{section*.8}{ \040Commutative Field \040}{section*.7}% 41
\BOOKMARK [0][-]{section*.8}{ Annex 3. \040Riemann Integral \040}{chapter*.1}% 42
\BOOKMARK [1][-]{section*.9}{ \040Partition \040}{section*.8}% 43
\BOOKMARK [1][-]{section*.9}{ \040Superior/Inferior sum of partitions \040}{section*.8}% 44
\BOOKMARK [1][-]{section*.9}{ \040Superior/Inferior integral \040}{section*.8}% 45
\BOOKMARK [1][-]{section*.9}{ \040Riemann Integrability \040}{section*.8}% 46
\BOOKMARK [-1][-]{section*.9}{ II \040Propositions \040}{}% 47
\BOOKMARK [0][-]{section*.10}{ 1 \040The Field of Real Numbers \040}{section*.9}% 48
\BOOKMARK [1][-]{section*.10}{ \040Field Properties \040}{section*.9}% 49
\BOOKMARK [1][-]{section*.10}{ \040Order Properties \040}{section*.9}% 50
\BOOKMARK [1][-]{section*.10}{ \040Inyection of the rationals in commutative ordered fields \040}{section*.9}% 51
\BOOKMARK [1][-]{section*.10}{ \040Inclusion of Convergent succesions in Cauchy succesions \040}{section*.9}% 52
\BOOKMARK [1][-]{section*.10}{ \040Supremum Theorem \040}{section*.9}% 53
\BOOKMARK [0][-]{section*.10}{ 2 \040Metric Topology \040}{section*.9}% 54
\BOOKMARK [1][-]{section*.11}{ \040Inclusion of Compacts in Bounded Closed sets \040}{section*.10}% 55
\BOOKMARK [1][-]{section*.11}{ \040Finite intersection property \040}{section*.10}% 56
\BOOKMARK [1][-]{section*.11}{ \040Inheritance of compacticity by closed subsets \040}{section*.10}% 57
\BOOKMARK [1][-]{section*.11}{ \040Characterization of real compacts \040}{section*.10}% 58
\BOOKMARK [1][-]{section*.11}{ \040Characterization of real connex sets \040}{section*.10}% 59
\BOOKMARK [0][-]{section*.11}{ 3 \040Metric Continuity \040}{section*.9}% 60
\BOOKMARK [1][-]{section*.12}{ \040Characterization of limits by succesions \040}{section*.11}% 61
\BOOKMARK [1][-]{section*.12}{ \040Compacts are closed by limit \040}{section*.11}% 62
\BOOKMARK [1][-]{section*.12}{ \040Continuous funtions are closed by composition \040}{section*.11}% 63
\BOOKMARK [1][-]{section*.12}{ \040Characterization of continuous functions by open sets \040}{section*.11}% 64
\BOOKMARK [1][-]{section*.12}{ \040Invariancy of compacts by continuous functions \040}{section*.11}% 65
\BOOKMARK [1][-]{section*.12}{ \040Invariancy of connex sets by continuous functions \040}{section*.11}% 66
\BOOKMARK [1][-]{section*.12}{ \040Characterization of Uniformly continuous functions over compacts by continuous functions \040}{section*.11}% 67
\BOOKMARK [1][-]{section*.12}{ \040Weierstrass' theorem \040}{section*.11}% 68
\BOOKMARK [1][-]{section*.12}{ \040Intermediate Value Theorem \040}{section*.11}% 69
\BOOKMARK [0][-]{section*.12}{ 4 \040 Metric Function Succesions \040 }{section*.9}% 70
\BOOKMARK [1][-]{section*.13}{ \040Inclusion of uniformly convergent mfs' in punctually convergent mfs' \040}{section*.12}% 71
\BOOKMARK [1][-]{section*.13}{ \040Characterization of uniformly convergent real function succesions by uniformly Cauchy function succesions \040}{section*.12}% 72
\BOOKMARK [1][-]{section*.13}{ \040WeierStrass' M Test \040}{section*.12}% 73
\BOOKMARK [1][-]{section*.13}{ \040Inheritance of Continuity by uniform continuity \040}{section*.12}% 74
\BOOKMARK [1][-]{section*.13}{ \040Inheritance of Integrability by uniform continuity \040}{section*.12}% 75
\BOOKMARK [1][-]{section*.13}{ \040Uniform Continuity and Derivation \040}{section*.12}% 76
\BOOKMARK [1][-]{section*.13}{ \040Inheritance of boundness by uniform continuity \040}{section*.12}% 77
\BOOKMARK [1][-]{section*.13}{ \040Criterion where punctually convergent function succesions are uniformly convergent \040}{section*.12}% 78
\BOOKMARK [1][-]{section*.13}{ \040Weierstrass' Aproximation Theorem \040}{section*.12}% 79
\BOOKMARK [1][-]{section*.13}{ \040Dirichlet's Criterion \040}{section*.12}% 80
\BOOKMARK [0][-]{section*.13}{ 5 \040Power Series \040}{section*.9}% 81
\BOOKMARK [1][-]{section*.14}{ \040Cauchy-Hadamard theorem \040}{section*.13}% 82
\BOOKMARK [1][-]{section*.14}{ \040Abel's Theorem \040}{section*.13}% 83
\BOOKMARK [1][-]{section*.14}{ \040Superior Limit Lemma \040}{section*.13}% 84
\BOOKMARK [1][-]{section*.14}{ \040Diferentiability of Power Series \040}{section*.13}% 85
\BOOKMARK [1][-]{section*.14}{ \040Integrability of Power Series \040}{section*.13}% 86
\BOOKMARK [1][-]{section*.14}{ \040Exponential Properties \040}{section*.13}% 87
